1503996378724	geckodriver	INFO	geckodriver 0.18.0
1503996378748	geckodriver	INFO	Listening on 127.0.0.1:49403
1503996380737	geckodriver::marionette	INFO	Starting browser C:\Program Files (x86)\Mozilla Firefox\firefox.exe with args ["-marionette"]
1503996381822	addons.xpi	WARN	Error parsing extensions state: [Exception... "Component returned failure code: 0x80520012 (NS_ERROR_FILE_NOT_FOUND) [amIAddonManagerStartup.readStartupData]"  nsresult: "0x80520012 (NS_ERROR_FILE_NOT_FOUND)"  location: "JS frame :: resource://gre/modules/addons/XPIProvider.jsm :: loadExtensionState :: line 1596"  data: no] Stack trace: loadExtensionState()@resource://gre/modules/addons/XPIProvider.jsm:1596 < getInstallState()@resource://gre/modules/addons/XPIProvider.jsm:1631 < checkForChanges()@resource://gre/modules/addons/XPIProvider.jsm:3152 < startup()@resource://gre/modules/addons/XPIProvider.jsm:2246 < callProvider()@resource://gre/modules/AddonManager.jsm:271 < _startProvider()@resource://gre/modules/AddonManager.jsm:741 < startup()@resource://gre/modules/AddonManager.jsm:908 < startup()@resource://gre/modules/AddonManager.jsm:3122 < observe()@jar:file:///C:/Program%20Files%20(x86)/Mozilla%20Firefox/omni.ja!/components/addonManager.js:65
1503996382405	Marionette	INFO	Enabled via --marionette
Unable to read VR Path Registry from C:\Users\rongrong\AppData\Local\openvr\openvrpaths.vrpath
[GPU 9724] WARNING: pipe error: 109: file c:/builds/moz2_slave/m-rel-w64-00000000000000000000/build/src/ipc/chromium/src/chrome/common/ipc_channel_win.cc, line 346
1503996386698	Marionette	INFO	Listening on port 49409
1503996387017	Marionette	INFO	Listening on port 49409
1503996387058	Marionette	WARN	TLS certificate errors will be ignored for this session
1503996387119	Marionette	DEBUG	loaded listener.js
[GPU 9724] WARNING: pipe error: 109: file c:/builds/moz2_slave/m-rel-w64-00000000000000000000/build/src/ipc/chromium/src/chrome/common/ipc_channel_win.cc, line 346
[GPU 9724] WARNING: pipe error: 109: file c:/builds/moz2_slave/m-rel-w64-00000000000000000000/build/src/ipc/chromium/src/chrome/common/ipc_channel_win.cc, line 346
Unable to read VR Path Registry from C:\Users\rongrong\AppData\Local\openvr\openvrpaths.vrpath
[Child 8528] WARNING: pipe error: 109: file c:/builds/moz2_slave/m-rel-w64-00000000000000000000/build/src/ipc/chromium/src/chrome/common/ipc_channel_win.cc, line 346
[Child 8528] WARNING: pipe error: 109: file c:/builds/moz2_slave/m-rel-w64-00000000000000000000/build/src/ipc/chromium/src/chrome/common/ipc_channel_win.cc, line 346
Unable to read VR Path Registry from C:\Users\rongrong\AppData\Local\openvr\openvrpaths.vrpath
/modules/addons/XPIProvider.jsm:2246 < callProvider()@resource://gre/modules/AddonManager.jsm:271 < _startProvider()@resource://gre/modules/AddonManager.jsm:741 < startup()@resource://gre/modules/AddonManager.jsm:908 < startup()@resource://gre/modules/AddonManager.jsm:3122 < observe()@jar:file:///C:/Program%20Files%20(x86)/Mozilla%20Firefox/omni.ja!/components/addonManager.js:65
1503996458343	Marionette	INFO	Enabled via --marionette
Unable to read VR Path Registry from C:\Users\rongrong\AppData\Local\openvr\openvrpaths.vrpath
[GPU 12392] WARNING: pipe error: 109: file c:/builds/moz2_slave/m-rel-w64-00000000000000000000/build/src/ipc/chromium/src/chrome/common/ipc_channel_win.cc, line 346
Unable to read VR Path Registry from C:\Users\rongrong\AppData\Local\openvr\openvrpaths.vrpath
[Parent 9476] WARNING: pipe error: 109: file c:/builds/moz2_slave/m-rel-w64-00000000000000000000/build/src/ipc/chromium/src/chrome/common/ipc_channel_win.cc, line 346
1503996463154	Marionette	INFO	Listening on port 49457
Unable to read VR Path Registry from C:\Users\rongrong\AppData\Local\openvr\openvrpaths.vrpath
[Child 6712] WARNING: pipe error: 109: file c:/builds/moz2_slave/m-rel-w64-00000000000000000000/build/src/ipc/chromium/src/chrome/common/ipc_channel_win.cc, line 346
1503996463239	Marionette	INFO	Listening on port 49457
1503996464014	Marionette	WARN	TLS certificate errors will be ignored for this session
1503996464081	Marionette	DEBUG	loaded listener.js
1503996464144	Marionette	DEBUG	Received DOM event "beforeunload" for "about:blank"
1503996464180	Marionette	DEBUG	Received DOM event "pagehide" for "about:blank"
1503996464180	Marionette	DEBUG	Received DOM event "unload" for "about:blank"
1503996464393	Marionette	DEBUG	Received DOM event "DOMContentLoaded" for "http://www.baidu.com/"
1503996464450	Marionette	DEBUG	Received DOM event "pageshow" for "http://www.baidu.com/"
[GPU 12392] WARNING: pipe error: 109: file c:/builds/moz2_slave/m-rel-w64-00000000000000000000/build/src/ipc/chromium/src/chrome/common/ipc_channel_win.cc, line 346
Unable to read VR Path Registry from C:\Users\rongrong\AppData\Local\openvr\openv1503996614402	addons.xpi	WARN	Error parsing extensions state: [Exception... "Component returned failure code: 0x80520012 (NS_ERROR_FILE_NOT_FOUND) [amIAddonManagerStartup.readStartupData]"  nsresult: "0x80520012 (NS_ERROR_FILE_NOT_FOUND)"  location: "JS frame :: resource://gre/modules/addons/XPIProvider.jsm :: loadExtensionState :: line 1596"  data: no] Stack trace: loadExtensionState()@resource://gre/modules/addons/XPIProvider.jsm:1596 < getInstallState()@resource://gre/modules/addons/XPIProvider.jsm:1631 < checkForChanges()@resource://gre/modules/addons/XPIProvider.jsm:3152 < startup()@resource://gre/modules/addons/XPIProvider.jsm:2246 < callProvider()@resource://gre/modules/AddonManager.jsm:271 < _startProvider()@resource://gre/modules/AddonManager.jsm:741 < startup()@resource://gre/modules/AddonManager.jsm:908 < startup()@resource://gre/modules/AddonManager.jsm:3122 < observe()@jar:file:///C:/Program%20Files%20(x86)/Mozilla%20Firefox/omni.ja!/components/addonManager.js:65
1503996614979	Marionette	INFO	Enabled via --marionette
Unable to read VR Path Registry from C:\Users\rongrong\AppData\Local\openvr\openvrpaths.vrpath
[GPU 11752] WARNING: pipe error: 109: file c:/builds/moz2_slave/m-rel-w64-00000000000000000000/build/src/ipc/chromium/src/chrome/common/ipc_channel_win.cc, line 346
Unable to read VR Path Registry from C:\Users\rongrong\AppData\Local\openvr\openvrpaths.vrpath
[Child 1064] WARNING: pipe error: 109: file c:/builds/moz2_slave/m-rel-w64-00000000000000000000/build/src/ipc/chromium/src/chrome/common/ipc_channel_win.cc, line 346
1503996620566	Marionette	INFO	Listening on port 49524
1503996620588	Marionette	INFO	Listening on port 49524
1503996621076	Marionette	WARN	TLS certificate errors will be ignored for this session
1503996621138	Marionette	DEBUG	loaded listener.js
1503996621205	Marionette	DEBUG	Received DOM event "beforeunload" for "about:blank"
1503996621242	Marionette	DEBUG	Received DOM event "pagehide" for "about:blank"
1503996621242	Marionette	DEBUG	Received DOM event "unload" for "about:blank"
1503996621412	Marionette	DEBUG	Received DOM event "DOMContentLoaded" for "http://www.baidu.com/"
1503996621476	Marionette	DEBUG	Received DOM event "pageshow" for "http://www.baidu.com/"
[GPU 11752] WARNING: pipe error: 109: file c:/builds/moz2_slave/m-rel-w64-00000000000000000000/build/src/ipc/chromium/src/chrome/common/ipc_channel_win.cc, line 346
[GPU 11752] WARNING: pipe error: 109: file c:/builds/moz2_slave/m-rel-w64-00000000000000000000/build/src/ipc/chromium/src/chrome/common/ipc_channel_win.cc, line 346
Unable to read VR Path Registry from C:\Users\rongrong\AppData\Local\openvr\openvrpaths.vrpath
[Parent 11488] WARNING: pipe error: 109: file c:/builds/moz2_slave/m-rel-w64-00000000000000000000/build/src/ipc/chromium/src/chrome/common/ipc_channel_win.cc, line 346
Unable to read VR Path Registry from C:\Users\rongrong\AppData\Local\openvr\openvrpaths.vrpath
[Child 11260] WARNING: pipe error: 109: file c:/builds/moz2_slave/m-rel-w64-00000000000000000000/build/src/ipc/chromium/src/chrome/common/ipc_channel_win.cc, line 346
[Child 11260] WARNING: pipe error: 109: file c:/builds/moz2_slave/m-rel-w64-00000000000000000000/build/src/ipc/chromium/src/chrome/common/ipc_channel_win.cc, line 346
1503997578901	geckodriver	INFO	geckodriver 0.18.0
1503997578915	geckodriver	INFO	Listening on 127.0.0.1:49984
1503997580896	geckodriver::marionette	INFO	Starting browser C:\Program Files (x86)\Mozilla Firefox\firefox.exe with args ["-marionette"]
1503997583528	addons.xpi	WARN	Error parsing extensions state: [Exception... "Component returned failure code: 0x80520012 (NS_ERROR_FILE_NOT_FOUND) [amIAddonManagerStartup.readStartupData]"  nsresult: "0x80520012 (NS_ERROR_FILE_NOT_FOUND)"  location: "JS frame :: resource://gre/modules/addons/XPIProvider.jsm :: loadExtensionState :: line 1596"  data: no] Stack trace: loadExtensionState()@resource://gre/modules/addons/XPIProvider.jsm:1596 < getInstallState()@resource://gre/modules/addons/XPIProvider.jsm:1631 < checkForChanges()@resource://gre/modules/addons/XPIProvider.jsm:3152 < startup()@resource://gre/modules/addons/XPIProvider.jsm:2246 < callProvider()@resource://gre/modules/AddonManager.jsm:271 < _startProvider()@resource://gre/modules/AddonManager.jsm:741 < startup()@resource://gre/modules/AddonManager.jsm:908 < startup()@resource://gre/modules/AddonManager.jsm:3122 < observe()@jar:file:///C:/Program%20Files%20(x86)/Mozilla%20Firefox/omni.ja!/components/addonManager.js:65
1503997584259	Marionette	INFO	Enabled via --marionette
Unable to read VR Path Registry from C:\Users\rongrong\AppData\Local\openvr\openvrpaths.vrpath
[Child 13008] WARNING: pipe error: 109: file c:/builds/moz2_slave/m-rel-w64-00000000000000000000/build/src/ipc/chromium/src/chrome/common/ipc_channel_win.cc, line 346
1503997587387	Marionette	INFO	Listening on port 49990
1503997587486	Marionette	INFO	Listening on port 49990
1503997588485	Marionette	WARN	TLS certificate errors will be ignored for this session
1503997588546	Marionette	DEBUG	loaded listener.js
1503997588586	Marionette	DEBUG	Received DOM event "beforeunload" for "about:blank"
1503997588624	Marionette	DEBUG	Received DOM event "pagehide" for "about:blank"
1503997588624	Marionette	DEBUG	Received DOM event "unload" for "about:blank"
1503997589687	Marionette	DEBUG	Received observer notification "outer-window-destroyed" for "4294967301"
1503997589689	Marionette	DEBUG	Received DOM event "DOMContentLoaded" for "http://dev.llvision.com:25008/"
1503997589828	Marionette	DEBUG	Received DOM event "pageshow" for "http://dev.llvision.com:25008/modules/per/home.html"
1503997589838	Marionette	DEBUG	Received DOM event "pageshow" for "http://dev.llvision.com:25008/"
Unable to read VR Path Registry from C:\Users\rongrong\AppData\Local\openvr\openvrpaths.vrpath
JavaScript error: http://dev.llvision.com:25008/js/common.js, line 41: TypeError: xhr.responseJSON is undefined
JavaScript error: http://dev.llvision.com:25008/js/common.js, line 41: TypeError: xhr.responseJSON is undefined
Unable to read VR Path Registry from C:\Users\rongrong\AppData\Local\openvr\openvrpaths.vrpath
[GPU 13280] WA1503997645129	geckodriver::marionette	INFO	Starting browser C:\Program Files (x86)\Mozilla Firefox\firefox.exe with args ["-marionette"]
1503997645643	addons.xpi	WARN	Error parsing extensions state: [Exception... "Component returned failure code: 0x80520012 (NS_ERROR_FILE_NOT_FOUND) [amIAddonManagerStartup.readStartupData]"  nsresult: "0x80520012 (NS_ERROR_FILE_NOT_FOUND)"  location: "JS frame :: resource://gre/modules/addons/XPIProvider.jsm :: loadExtensionState :: line 1596"  data: no] Stack trace: loadExtensionState()@resource://gre/modules/addons/XPIProvider.jsm:1596 < getInstallState()@resource://gre/modules/addons/XPIProvider.jsm:1631 < checkForChanges()@resource://gre/modules/addons/XPIProvider.jsm:3152 < startup()@resource://gre/modules/addons/XPIProvider.jsm:2246 < callProvider()@resource://gre/modulUnable to read VR Path Registry from C:\Users\rongrong\AppData\Local\openvr\openvrpaths.vrpath
()@resource://gre/modules/AddonManager.jsm:908 < startup()@resource://gre/modules/AddonManager.jsm:3122 < observe()@jar:file:///C:/Program%20Files%20(x86)/Mozilla%20Firefox/omni.ja!/components/addonManager.js:65
1503997646219	Marionette	INFO	Enabled via --marionette
Unable to read VR Path Registry from C:\Users\rongrong\AppData\Local\openvr\openvrpaths.vrpath
[GPU 13184] WARNING: pipe error: 109: file c:/builds/moz2_slave/m-rel-w64-00000000000000000000/build/src/ipc/chromium/src/chrome/common/ipc_channel_win.cc, line 346
1503997649596	Marionette	INFO	Listening on port 50055
1503997649678	Marionette	INFO	Listening on port 50055
1503997650402	Marionette	WARN	TLS certificate errors will be ignored for this session
1503997650511	Marionette	DEBUG	loaded listener.js
1503997650761	Marionette	DEBUG	Received DOM event "beforeunload" for "about:blank"
1503997650845	Marionette	DEBUG	Received DOM event "pagehide" for "about:blank"
1503997650845	Marionette	DEBUG	Received DOM event "unload" for "about:blank"
1503997651584	Marionette	DEBUG	Received observer notification "outer-window-destroyed" for "2147483656"
1503997651588	Marionette	DEBUG	Received DOM event "DOMContentLoaded" for "http://dev.llvision.com:25008/"
1503997651644	Marionette	DEBUG	Received DOM event "pageshow" for "http://dev.llvision.com:25008/modules/per/home.html"
1503997651646	Marionette	DEBUG	Received DOM event "pageshow" for "http://dev.llvision.com:25008/"
Unable to read VR Path Registry from C:\Users\rongrong\AppData\Local\openvr\openvrpaths.vrpath
JavaScript error: http://dev.llvision.com:25008/js/common.js, line 41: TypeError: xhr.responseJSON is undefined
[GPU 13184] WARNING: pipe error: 109: file c:/builds/moz2_slave/m-rel-w64-00000000000000000000/build/src/ipc/chromium/src/chrome/common/ipc_channel_win.cc, line 346
[GPU 13184] WARNING: pipe error: 109: file c:/builds/moz2_slave/m-rel-w64-00000000000000000000/build/src/ipc/chromium/src/chrome/common/ipc_channel_win.cc, line 346
[Child 11296] WARNING: pipe error: 109: file c:/builds/moz2_slave/m-rel-w64-00000000000000000000/build/src/ipc/chromium/src/chrome/common/ipc_channel_win.cc, line 346
[Child 11296] WARNING: pipe error: 109: file c:/builds/moz2_slave/m-rel-w64-00000000000000000000/build/src/ipc/chromium/src/chrome/common/ipc_channel_win.cc, line 346
[GPU 13184] WARNING: pipe error: 109: file c:/builds/moz2_slave/m-rel-w64-00000000000000000000/build/src/ipc/chromium/src/chrome/common/ipc_channel_win.cc, line 346
Unable to read VR Path Registry from C:\Users\rongrong\AppData\Local\openvr\openvrpaths.vrpath
1503997785730	geckodriver	INFO	geckodriver 0.18.0
1503997785743	geckodriver	INFO	Listening on 127.0.0.1:50115
1503997787777	geckodriver::marionette	INFO	Starting browser C:\Program Files (x86)\Mozilla Firefox\firefox.exe with args ["-marionette"]
1503997788182	addons.xpi	WARN	Error parsing extensions state: [Exception... "Component returned failure code: 0x80520012 (NS_ERROR_FILE_NOT_FOUND) [amIAddonManagerStartup.readStartupData]"  nsresult: "0x80520012 (NS_ERROR_FILE_NOT_FOUND)"  location: "JS frame :: resource://gre/modules/addons/XPIProvider.jsm :: loadExtensionState :: line 1596"  data: no] Stack trace: loadExtensionState()@resource://gre/modules/addons/XPIProvider.jsm:1596 < getInstallState()@resource://gre/modules/addons/XPIProvider.jsm:1631 < checkForChanges()@resource://gre/modules/addons/XPIProvider.jsm:3152 < startup()@resource://gre/modules/addons/XPIProvider.jsm:2246 < callProvider()@resource://gre/modules/AddonManager.jsm:271 < _startProvider()@resource://gre/modules/AddonManager.jsm:741 < startup()@resource://gre/modules/AddonManager.jsm:908 < startup()@resource://gre/modules/AddonManager.jsm:3122 < observe()@jar:file:///C:/Program%20Files%20(x86)/Mozilla%20Firefox/omni.ja!/components/addonManager.js:65
1503997788870	Marionette	INFO	Enabled via --marionette
Unable to read VR Path Registry from C:\Users\rongrong\AppData\Local\openvr\openvrpaths.vrpath
[GPU 6756] WARNING: pipe error: 109: file c:/builds/moz2_slave/m-rel-w64-00000000000000000000/build/src/ipc/chromium/src/chrome/common/ipc_channel_win.cc, line 346
Unable to read VR Path Registry from C:\Users\rongrong\AppData\Local\openvr\openvrpaths.vrpath
[Child 13012] WARNING: pipe error: 109: file c:/builds/moz2_slave/m-rel-w64-00000000000000000000/build/src/ipc/chromium/src/chrome/common/ipc_channel_win.cc, line 346
[Child 13012] WARNING: pipe error: 109: file c:/builds/moz2_slave/m-rel-w64-00000000000000000000/build/src/ipc/chromium/src/chrome/common/ipc_channel_win.cc, line 346
1503997791308	Marionette	INFO	Listening on port 50121
1503997791431	Marionette	INFO	Listening on port 50121
1503997791497	Marionette	WARN	TLS certificate errors will be ignored for this session
1503997791543	Marionette	DEBUG	loaded listener.js
1503997791590	Marionette	DEBUG	Received DOM event "beforeunload" for "about:blank"
1503997791645	Marionette	DEBUG	Received DOM event "pagehide" for "about:blank"
1503997791646	Marionette	DEBUG	Received DOM event "unload" for "about:blank"
1503997792610	Marionette	DEBUG	Received observer notification "outer-window-destroyed" for "4294967301"
1503997792612	Marionette	DEBUG	Received DOM event "DOMContentLoaded" for "http://dev.llvision.com:25008/"
1503997792760	Marionette	DEBUG	Received DOM event "pageshow" for "http://dev.llvision.com:25008/modules/per/home.html"
1503997792763	Marionette	DEBUG	Received DOM event "pageshow" for "http://dev.llvision.com:25008/"
Unable to read VR Path Registry from C:\Users\rongrong\AppData\Local\openvr\openvrpaths.vrpath
JavaScript error: http://dev.llvision.com:25008/js/common.js, line 41: TypeError: xhr.responseJSON is undefined
JavaScript error: http://dev.llvision.com:25008/js/common.js, line 41: TypeError: xhr.responseJSON is undefined
console.warn: nsLoginManager: searchLogins: `formSubmitURL` or `httpRealm` is recommended
console.error: 
  Message: Error: Source map at http://dev.llvision.com:25008/css/bootstrap.min.css.map not found or invalid
  Stack:
    _fetchSourceMap/</map<@resource://gre/modules/commonjs/toolkit/loader.js -> resource://devtools/server/actors/stylesheets.js:573:27
process@resource://gre/modules/Promise.jsm -> resource://gre/modules/Promise-backend.js:922:23
walkerLoop@resource://gre/modules/Promise.jsm -> resource://gre/modules/Promise-backend.js:806:7
scheduleWalkerLoop/<@resource://gre/modules/Promise.jsm -> resource://gre/modules/Promise-backend.js:742:11

_fetchSourceMap/</map<@resource://gre/modules/commonjs/toolkit/loader.js -> resource://devtools/server/actors/stylesheets.js:573:27
process@resource://gre/modules/Promise.jsm -> resource://gre/modules/Promise-backend.js:922:23
walkerLoop@resource://gre/modules/Promise.jsm -> resource://gre/modules/Promise-backend.js:806:7
scheduleWalkerLoop/<@resource://gre/modules/Promise.jsm -> resource://gre/modules/Promise-backend.js:742:11
console.error: 
  Protocol error (unknownError): Source map at http://dev.llvision.com:25008/css/bootstrap.min.css.map not found or invalid
[GPU 6756] WARNING: pipe error: 109: file c:/builds/moz2_slave/m-rel-w64-00000000000000000000/build/src/ipc/chromium/src/chrome/common/ipc_channel_win.cc, line 346
[GPU 6756] WARNING: pipe error: 109: file c:/builds/moz2_slave/m-rel-w64-00000000000000000000/build/src/ipc/chromium/src/chrome/common/ipc_channel_win.cc, line 346
[GPU 6756] WARNING: pipe error: 109: file c:/builds/moz2_slave/m-rel-w64-00000000000000000000/build/src/ipc/chromium/src/chrome/common/ipc_channel_win.cc, line 346
[GPU 6756] WARNING: pipe error: 109: file c:/builds/moz2_slave/m-rel-w64-00000000000000000000/build/src/ipc/chromium/src/chrome/common/ipc_channel_win.cc, line 346
[Child 8296] WARNING: pipe error: 109: file c:/builds/moz2_slave/m-rel-w64-00000000000000000000/build/src/ipc/chromium/src/chrome/common/ipc_channel_win.cc, line 346
[Child 8296] WARNING: pipe error: 109: file c:/builds/moz2_slave/m-rel-w64-00000000000000000000/build/src/ipc/chromium/src/chrome/common/ipc_channel_win.cc, line 346
[GPU 6756] WARNING: pipe error: 109: file c:/builds/moz2_slave/m-rel-w64-00000000000000000000/build/src/ipc/chromium/src/chrome/common/ipc_channel_win.cc, line 346
Unable to read VR Path Registry from C:\Users\rongrong\AppData\Local\openvr\openvrpaths.vrpath
1503997879233	geckodriver	INFO	geckodriver 0.18.0
1503997879247	geckodriver	INFO	Listening on 127.0.0.1:50180
1503997881293	geckodriver::marionette	INFO	Starting browser C:\Program Files (x86)\Mozilla Firefox\firefox.exe with args ["-marionette"]
1503997881692	addons.xpi	WARN	Error parsing extensions state: [Exception... "Component returned failure code: 0x80520012 (NS_ERROR_FILE_NOT_FOUND) [amIAddonManagerStartup.readStartupData]"  nsresult: "0x80520012 (NS_ERROR_FILE_NOT_FOUND)"  location: "JS frame :: resource://gre/modules/addons/XPIProvider.jsm :: loadExtensionState :: line 1596"  data: no] Stack trace: loadExtensionState()@resource://gre/modules/addons/XPIProvider.jsm:1596 < getInstallState()@resource://gre/modules/addons/XPIProvider.jsm:1631 < checkForChanges()@resource://gre/modules/addons/XPIProvider.jsm:3152 < startup()@resource://gre/modules/addons/XPIProvider.jsm:2246 < callProvider()@resource://gre/modules/AddonManager.jsm:271 < _startProvider()@resource://gre/modules/AddonManager.jsm:741 < startup()@resource://gre/modules/AddonManager.jsm:908 < startup()@resource://gre/modules/AddonManager.jsm:3122 < observe()@jar:file:///C:/Program%20Files%20(x86)/Mozilla%20Firefox/omni.ja!/components/addonManager.js:65
1503997882320	Marionette	INFO	Enabled via --marionette
Unable to read VR Path Registry from C:\Users\rongrong\AppData\Local\openvr\openvrpaths.vrpath
[GPU 12036] WARNING: pipe error: 109: file c:/builds/moz2_slave/m-rel-w64-00000000000000000000/build/src/ipc/chromium/src/chrome/common/ipc_channel_win.cc, line 346
Unable to read VR Path Registry from C:\Users\rongrong\AppData\Local\openvr\openvrpaths.vrpath
[Parent 12000] WARNING: pipe error: 109: file c:/builds/moz2_slave/m-rel-w64-00000000000000000000/build/src/ipc/chromium/src/chrome/common/ipc_channel_win.cc, line 346
Unable to read VR Path Registry from C:\Users\rongrong\AppData\Local\openvr\openvrpaths.vrpath
[Child 7396] WARNING: pipe error: 109: file c:/builds/moz2_slave/m-rel-w64-00000000000000000000/build/src/ipc/chromium/src/chrome/common/ipc_channel_win.cc, line 346
1503997885508	Marionette	INFO	Listening on port 50186
1503997885530	Marionette	INFO	Listening on port 50186
1503997885585	Marionette	WARN	TLS certificate errors will be ignored for this session
1503997885659	Marionette	DEBUG	loaded listener.js
1503997885737	Marionette	DEBUG	Received DOM event "beforeunload" for "about:blank"
1503997885820	Marionette	DEBUG	Received DOM event "pagehide" for "about:blank"
1503997885820	Marionette	DEBUG	Received DOM event "unload" for "about:blank"
1503997886902	Marionette	DEBUG	Received observer notification "outer-window-destroyed" for "4294967301"
1503997886904	Marionette	DEBUG	Received DOM event "DOMContentLoaded" for "http://dev.llvision.com:25008/"
1503997886945	Marionette	DEBUG	Received DOM event "pageshow" for "http://dev.llvision.com:25008/modules/per/home.html"
1503997886948	Marionette	DEBUG	Received DOM event "pageshow" for "http://dev.llvision.com:25008/"
Unable to read VR Path Registry from C:\Users\rongrong\AppData\Local\openvr\openvrpaths.vrpath
JavaScript error: http://dev.llvision.com:25008/js/common.js, line 41: TypeError: xhr.responseJSON is undefined
[GPU 12036] WARNING: pipe error: 109: file c:/builds/moz2_slave/m-rel-w64-00000000000000000000/build/src/ipc/chromium/src/chrome/common/ipc_channel_win.cc, line 346
[GPU 12036] WARNING: pipe error: 109: file c:/builds/moz2_slave/m-rel-w64-00000000000000000000/build/src/ipc/chromium/src/chrome/common/ipc_channel_win.cc, line 346
[Child 9676] WARNING: pipe error: 109: file c:/builds/moz2_slave/m-rel-w64-00000000000000000000/build/src/ipc/chromium/src/chrome/common/ipc_channel_win.cc, line 346
[GPU 12036] WARNING: pipe error: 109: file c:/builds/moz2_slave/m-rel-w64-00000000000000000000/build/src/ipc/chromium/src/chrome/common/ipc_channel_win.cc, line 346
s/XPIProvider.jsm:1596 < getInstallState()@resource://gre/modules/addons/XPIProvider.jsm:1631 < checkForChanges()@resource://gre/modules/addons/XPIProvider.jsm:3152 < startup()@resource://gre/modules/addons/XPIProvider.jsm:2246 < callProvider()@resource://gre/modules/AddonManager.jsm:271 < _startProvider()@resource://gre/modules/AddonManager.jsm:741 < startup()@resource://gre/modules/AddonManager.jsm:908 < startup()@resource://gre/modules/AddonManager.jsm:3122 < observe()@jar:file:///C:/Program%20Files%20(x86)/Mozilla%20Firefox/omni.ja!/components/addonManager.js:65
1503998003817	Marionette	INFO	Enabled via --marionette
1503998006295	Marionette	INFO	Listening on port 50351
1503998006349	Marionette	INFO	Listening on port 50351
1503998006522	Marionette	WARN	TLS certificate errors will be ignored for this session
1503998006576	Marionette	DEBUG	loaded listener.js
1503998006622	Marionette	DEBUG	Received DOM event "beforeunload" for "about:blank"
1503998006663	Marionette	DEBUG	Received DOM event "pagehide" for "about:blank"
1503998006663	Marionette	DEBUG	Received DOM event "unload" for "about:blank"
1503998007596	Marionette	DEBUG	Received observer notification "outer-window-destroyed" for "2147483656"
1503998007604	Marionette	DEBUG	Received DOM event "DOMContentLoaded" for "http://dev.llvision.com:25008/"
1503998007698	Marionette	DEBUG	Received DOM event "pageshow" for "http://dev.llvision.com:25008/modules/per/home.html"
1503998007700	Marionette	DEBUG	Received DOM event "pageshow" for "http://dev.llvision.com:25008/"
Unable to read VR Path Registry from C:\Users\rongrong\AppData\Local\openvr\openvrpaths.vrpath
JavaScript error: http://dev.llvision.com:25008/js/common.js, line 41: TypeError: xhr.responseJSON is undefined
console.warn: nsLoginManager: searchLogins: `formSubmitURL` or `httpRealm` is recommended
console.error: 
  Message: Error: Source map at http://dev.llvision.com:25008/css/bootstrap.min.css.map not found or invalid
  Stack:
    _fetchSourceMap/</map<@resource://gre/modules/commonjs/toolkit/loader.js -> resource://devtools/server/actors/stylesheets.js:573:27
process@resource://gre/modules/Promise.jsm -> resource://gre/modules/Promise-backend.js:922:23
walkerLoop@resource://gre/modules/Promise.jsm -> resource://gre/modules/Promise-backend.js:806:7
scheduleWalkerLoop/<@resource://gre/modules/Promise.jsm -> resource://gre/modules/Promise-backend.js:742:11

_fetchSourceMap/</map<@resource://gre/modules/commonjs/toolkit/loader.js -> resource://devtools/server/actors/stylesheets.js:573:27
process@resource://gre/modules/Promise.jsm -> resource://gre/modules/Promise-backend.js:922:23
walkerLoop@resource://gre/modules/Promise.jsm -> resource://gre/modules/Promise-backend.js:806:7
scheduleWalkerLoop/<@resource://gre/modules/Promise.jsm -> resource://gre/modules/Promise-backend.js:742:11
console.error: 
  Protocol error (unknownError): Source map at http://dev.llvision.com:25008/css/bootstrap.min.css.map not found or invalid
Unable to read VR Path Registry from C:\Users\rongrong\AppData\Local\openvr\openvrpaths.vrpath
[GPU 6004] WARNING: pipe error: 109: file c:/builds/moz2_slave/m-rel-w64-00000000000000000000/build/src/ipc/chromium/src/chrome/common/ipc_channel_win.cc, line 346
[GPU 6004] WARNING: pipe error: 109: file c:/builds/moz2_slave/m-rel-w64-00000000000000000000/build/src/ipc/chromium/src/chrome/common/ipc_channel_win.cc, line 346
[GPU 6004] WARNING: pipe error: 109: file c:/builds/moz2_slave/m-rel-w64-00000000000000000000/build/src/ipc/chromium/src/chrome/common/ipc_channel_win.cc, line 346
[GPU 6004] WARNING: pipe error: 109: file c:/builds/moz2_slave/m-rel-w64-00000000000000000000/build/src/ipc/chromium/src/chrome/common/ipc_channel_win.cc, line 346
[Child 12816] WARNING: pipe error: 109: file c:/builds/moz2_slave/m-rel-w64-00000000000000000000/build/src/ipc/chromium/src/chrome/common/ipc_channel_win.cc, line 346
[Child 12816] WARNING: pipe error: 109: file c:/builds/moz2_slave/m-rel-w64-00000000000000000000/build/src/ipc/chromium/src/chrome/common/ipc_channel_win.cc, line 346
Unable to read VR Path Registry from C:\Users\rongrong\AppData\Local\openvr\openvrpaths.vrpath
1503999948524	geckodriver	INFO	geckodriver 0.18.0
1503999948536	geckodriver	INFO	Listening on 127.0.0.1:51831
1503999950461	geckodriver::marionette	INFO	Starting browser C:\Program Files (x86)\Mozilla Firefox\firefox.exe with args ["-marionette"]
1503999955311	addons.xpi	WARN	Error parsing extensions state: [Exception... "Component returned failure code: 0x80520012 (NS_ERROR_FILE_NOT_FOUND) [amIAddonManagerStartup.readStartupData]"  nsresult: "0x80520012 (NS_ERROR_FILE_NOT_FOUND)"  location: "JS frame :: resource://gre/modules/addons/XPIProvider.jsm :: loadExtensionState :: line 1596"  data: no] Stack trace: loadExtensionState()@resource://gre/modules/addons/XPIProvider.jsm:1596 < getInstallState()@resource://gre/modules/addons/XPIProvider.jsm:1631 < checkForChanges()@resource://gre/modules/addons/XPIProvider.jsm:3152 < startup()@resource://gre/modules/addons/XPIProvider.jsm:2246 < callProvider()@resource://gre/modules/AddonManager.jsm:271 < _startProvider()@resource://gre/modules/AddonManager.jsm:741 < startup()@resource://gre/modules/AddonManager.jsm:908 < startup()@resource://gre/modules/AddonManager.jsm:3122 < observe()@jar:file:///C:/Program%20Files%20(x86)/Mozilla%20Firefox/omni.ja!/components/addonManager.js:65
1503999956296	Marionette	INFO	Enabled via --marionette
Unable to read VR Path Registry from C:\Users\rongrong\AppData\Local\openvr\openvrpaths.vrpath
[Parent 2076] WARNING: pipe error: 109: file c:/builds/moz2_slave/m-rel-w64-00000000000000000000/build/src/ipc/chromium/src/chrome/common/ipc_channel_win.cc, line 346
Unable to read VR Path Registry from C:\Users\rongrong\AppData\Local\openvr\openvrpaths.vrpath
[Child 11912] WARNING: pipe error: 109: file c:/builds/moz2_slave/m-rel-w64-00000000000000000000/build/src/ipc/chromium/src/chrome/common/ipc_channel_win.cc, line 346
[Child 11912] WARNING: pipe error: 109: file c:/builds/moz2_slave/m-rel-w64-00000000000000000000/build/src/ipc/chromium/src/chrome/common/ipc_channel_win.cc, line 346
1503999962803	Marionette	INFO	Listening on port 51839
1503999962894	Marionette	INFO	Listening on port 51839
1503999963542	Marionette	WARN	TLS certificate errors will be ignored for this session
1503999963671	Marionette	DEBUG	loaded listener.js
1503999964615	Marionette	DEBUG	Received DOM event "beforeunload" for "about:blank"
1503999964772	Marionette	DEBUG	Received DOM event "pagehide" for "about:blank"
1503999964772	Marionette	DEBUG	Received DOM event "unload" for "about:blank"
1503999965551	Marionette	DEBUG	Received observer notification "outer-window-destroyed" for "4294967301"
1503999965553	Marionette	DEBUG	Received DOM event "DOMContentLoaded" for "http://dev.llvision.com:25008/"
1503999965594	Marionette	DEBUG	Received DOM event "pageshow" for "http://dev.llvision.com:25008/modules/per/home.html"
1503999965597	Marionette	DEBUG	Received DOM event "pageshow" for "http://dev.llvision.com:25008/"
Unable to read VR Path Registry from C:\Users\rongrong\AppData\Local\openvr\openvrpaths.vrpath
JavaScript error: http://dev.llvision.com:25008/js/common.js, line 41: TypeError: xhr.responseJSON is undefined
1503999982004	addons.productaddons	WARN	Failed downloading XML, status: 0, reason: timeout
1503999987198	Marionette	DEBUG	Received DOM event "beforeunload" for "http://dev.llvision.com:25008/login.html"
1503999987234	Marionette	DEBUG	Received DOM event "pagehide" for "http://dev.llvision.com:25008/login.html"
1503999987237	Marionette	DEBUG	Received DOM event "unload" for "http://dev.llvision.com:25008/login.html"
1503999987500	Marionette	DEBUG	Received observer notification "outer-window-destroyed" for "4294967307"
1503999987502	Marionette	DEBUG	Received DOM event "DOMContentLoaded" for "http://dev.llvision.com:25008/index.html"
1503999987722	Marionette	DEBUG	Received DOM event "DOMContentLoaded" for "http://dev.llvision.com:25008/modules/per/home.html"
1503999987748	Marionette	DEBUG	Received DOM event "pageshow" for "http://dev.llvision.com:25008/modules/per/home.html"
JavaScript error: http://dev.llvision.com:25008/js/common.js, line 41: TypeError: xhr.responseJSON is undefined
1503999987766	Marionette	DEBUG	Received DOM event "pageshow" for "http://dev.llvision.com:25008/index.html"
JavaScript error: http://dev.llvision.com:25008/js/common.js, line 41: TypeError: xhr.responseJSON is undefined
JavaScript error: http://dev.llvision.com:25008/js/common.js, line 41: TypeError: xhr.responseJSON is undefined
JavaScript error: http://dev.llvision.com:25008/js/common.js, line 41: TypeError: xhr.responseJSON is undefined
Unable to read VR Path Registry from C:\Users\rongrong\AppData\Local\openvr\openvrpaths.vrpath
[GPU 7000] WARNING: pipe error: 109: file c:/builds/moz2_slave/m-rel-w64-00000000000000000000/build/src/ipc/chromium/src/chrome/common/ipc_channel_win.cc, line 346
[GPU 7000] WARNING: pipe error: 109: file c:/builds/moz2_slave/m-rel-w64-00000000000000000000/build/src/ipc/chromium/src/chrome/common/ipc_channel_win.cc, line 346
JavaScript error: , line 0: TypeError: NetworkError when attempting to fetch resource.
[Child 1688] WARNING: pipe error: 109: file c:/builds/moz2_slave/m-rel-w64-00000000000000000000/build/src/ipc/chromium/src/chrome/common/ipc_channel_win.cc, line 346
[Child 1688] WARNING: pipe error: 109: file c:/builds/moz2_slave/m-rel-w64-00000000000000000000/build/src/ipc/chromium/src/chrome/common/ipc_channel_win.cc, line 346
1504000005174	geckodriver	INFO	geckodriver 0.18.0
1504000005185	geckodriver	INFO	Listening on 127.0.0.1:51906
1504000007237	geckodriver::marionette	INFO	Starting browser C:\Program Files (x86)\Mozilla Firefox\firefox.exe with args ["-marionette"]
1504000007599	addons.xpi	WARN	Error parsing extensions state: [Exception... "Component returned failure code: 0x80520012 (NS_ERROR_FILE_NOT_FOUND) [amIAddonManagerStartup.readStartupData]"  nsresult: "0x80520012 (NS_ERROR_FILE_NOT_FOUND)"  location: "JS frame :: resource://gre/modules/addons/XPIProvider.jsm :: loadExtensionState :: line 1596"  data: no] Stack trace: loadExtensionState()@resource://gre/modules/addons/XPIProvider.jsm:1596 < getInstallState()@resource://gre/modules/addons/XPIProvider.jsm:1631 < checkForChanges()@resource://gre/modules/addons/XPIProvider.jsm:3152 < startup()@resource://gre/modules/addons/XPIProvider.jsm:2246 < callProvider()@resource://gre/modules/AddonManager.jsm:271 < _startProvider()@resource://gre/modules/AddonManager.jsm:741 < startup()@resource://gre/modules/AddonManager.jsm:908 < startup()@resource://gre/modules/AddonManager.jsm:3122 < observe()@jar:file:///C:/Program%20Files%20(x86)/Mozilla%20Firefox/omni.ja!/components/addonManager.js:65
1504000008129	Marionette	INFO	Enabled via --marionette
Unable to read VR Path Registry from C:\Users\rongrong\AppData\Local\openvr\openvrpaths.vrpath
[Child 12948] WARNING: pipe error: 109: file c:/builds/moz2_slave/m-rel-w64-00000000000000000000/build/src/ipc/chromium/src/chrome/common/ipc_channel_win.cc, line 346
[Child 12948] WARNING: pipe error: 109: file c:/builds/moz2_slave/m-rel-w64-00000000000000000000/build/src/ipc/chromium/src/chrome/common/ipc_channel_win.cc, line 346
1504000010776	Marionette	INFO	Listening on port 51912
1504000010821	Marionette	INFO	Listening on port 51912
1504000010908	Marionette	WARN	TLS certificate errors will be ignored for this session
1504000010959	Marionette	DEBUG	loaded listener.js
1504000011006	Marionette	DEBUG	Received DOM event "beforeunload" for "about:blank"
1504000011065	Marionette	DEBUG	Received DOM event "pagehide" for "about:blank"
1504000011066	Marionette	DEBUG	Received DOM event "unload" for "about:blank"
1504000011908	Marionette	DEBUG	Received observer notification "outer-window-destroyed" for "4294967301"
1504000011912	Marionette	DEBUG	Received DOM event "DOMContentLoaded" for "http://dev.llvision.com:25008/"
1504000011966	Marionette	DEBUG	Received DOM event "pageshow" for "http://dev.llvision.com:25008/modules/per/home.html"
1504000011969	Marionette	DEBUG	Received DOM event "pageshow" for "http://dev.llvision.com:25008/"
Unable to read VR Path Registry from C:\Users\rongrong\AppData\Local\openvr\openvrpaths.vrpath
JavaScript error: http://dev.llvision.com:25008/js/common.js, line 41: TypeError: xhr.responseJSON is undefined
1504000023541	Marionette	DEBUG	Received DOM event "beforeunload" for "http://dev.llvision.com:25008/login.html"
1504000023576	Marionette	DEBUG	Received DOM event "pagehide" for "http://dev.llvision.com:25008/login.html"
1504000023579	Marionette	DEBUG	Received DOM event "unload" for "http://dev.llvision.com:25008/login.html"
1504000023812	Marionette	DEBUG	Received observer notification "outer-window-destroyed" for "4294967307"
1504000023814	Marionette	DEBUG	Received DOM event "DOMContentLoaded" for "http://dev.llvision.com:25008/index.html"
1504000023970	Marionette	DEBUG	Received DOM event "DOMContentLoaded" for "http://dev.llvision.com:25008/modules/per/home.html"
1504000023985	Marionette	DEBUG	Received DOM event "pageshow" for "http://dev.llvision.com:25008/modules/per/home.html"
JavaScript error: http://dev.llvision.com:25008/js/common.js, line 41: TypeError: xhr.responseJSON is undefined
1504000024008	Marionette	DEBUG	Received DOM event "pageshow" for "http://dev.llvision.com:25008/index.html"
JavaScript error: http://dev.llvision.com:25008/js/common.js, line 41: TypeError: xhr.responseJSON is undefined
JavaScript error: http://dev.llvision.com:25008/js/common.js, line 41: TypeError: xhr.responseJSON is undefined
JavaScript error: http://dev.llvision.com:25008/js/common.js, line 41: TypeError: xhr.responseJSON is undefined
Unable to read VR Path Registry from C:\Users\rongrong\AppData\Local\openvr\openvrpaths.vrpath
[GPU 8500] WARNING: pipe error: 109: file c:/builds/moz2_slave/m-rel-w64-00000000000000000000/build/src/ipc/chromium/src/chrome/common/ipc_channel_win.cc, line 346
[GPU 8500] WARNING: pipe error: 109: file c:/builds/moz2_slave/m-rel-w64-00000000000000000000/build/src/ipc/chromium/src/chrome/common/ipc_channel_win.cc, line 346
Unable to read VR Path Registry from C:\Users\rongrong\AppData\Local\openvr\openvrpaths.vrpath
1504064163424	geckodriver	INFO	geckodriver 0.18.0
1504064163452	geckodriver	INFO	Listening on 127.0.0.1:64035
1504064165405	geckodriver::marionette	INFO	Starting browser C:\Program Files (x86)\Mozilla Firefox\firefox.exe with args ["-marionette"]
1504064166830	addons.xpi	WARN	Error parsing extensions state: [Exception... "Component returned failure code: 0x80520012 (NS_ERROR_FILE_NOT_FOUND) [amIAddonManagerStartup.readStartupData]"  nsresult: "0x80520012 (NS_ERROR_FILE_NOT_FOUND)"  location: "JS frame :: resource://gre/modules/addons/XPIProvider.jsm :: loadExtensionState :: line 1596"  data: no] Stack trace: loadExtensionState()@resource://gre/modules/addons/XPIProvider.jsm:1596 < getInstallState()@resource://gre/modules/addons/XPIProvider.jsm:1631 < checkForChanges()@resource://gre/modules/addons/XPIProvider.jsm:3152 < startup()@resource://gre/modules/addons/XPIProvider.jsm:2246 < callProvider()@resource://gre/modules/AddonManager.jsm:271 < _startProvider()@resource://gre/modules/AddonManager.jsm:741 < startup()@resource://gre/modules/AddonManager.jsm:908 < startup()@resource://gre/modules/AddonManager.jsm:3122 < observe()@jar:file:///C:/Program%20Files%20(x86)/Mozilla%20Firefox/omni.ja!/components/addonManager.js:65
1504064167572	Marionette	INFO	Enabled via --marionette
Unable to read VR Path Registry from C:\Users\rongrong\AppData\Local\openvr\openvrpaths.vrpath
[GPU 7024] WARNING: pipe error: 109: file c:/builds/moz2_slave/m-rel-w64-00000000000000000000/build/src/ipc/chromium/src/chrome/common/ipc_channel_win.cc, line 346
1504064174824	Marionette	INFO	Listening on port 64042
1504064174861	Marionette	INFO	Listening on port 64042
1504064174895	Marionette	WARN	TLS certificate errors will be ignored for this session
1504064174990	Marionette	DEBUG	loaded listener.js
1504064175212	Marionette	DEBUG	Received DOM event "beforeunload" for "about:blank"
1504064175734	Marionette	DEBUG	Received DOM event "pagehide" for "about:blank"
1504064175734	Marionette	DEBUG	Received DOM event "unload" for "about:blank"
1504064176640	Marionette	DEBUG	Received observer notification "outer-window-destroyed" for "2147483656"
1504064176644	Marionette	DEBUG	Received DOM event "DOMContentLoaded" for "http://dev.llvision.com:25008/"
1504064176994	Marionette	DEBUG	Received DOM event "DOMContentLoaded" for "http://dev.llvision.com:25008/modules/per/home.html"
1504064177018	Marionette	DEBUG	Received DOM event "pageshow" for "http://dev.llvision.com:25008/modules/per/home.html"
1504064177021	Marionette	DEBUG	Received DOM event "pageshow" for "http://dev.llvision.com:25008/"
Unable to read VR Path Registry from C:\Users\rongrong\AppData\Local\openvr\openvrpaths.vrpath
JavaScript error: http://dev.llvision.com:25008/js/common.js, line 41: TypeError: xhr.responseJSON is undefined
JavaScript error: http://dev.llvision.com:25008/js/common.js, line 41: TypeError: xhr.responseJSON is undefined
1504064185808	Marionette	DEBUG	Canceled page load listener because no navigation has been detected
1504064188817	Marionette	INFO	New connections will no longer be accepted
1504064413952	geckodriver	INFO	geckodriver 0.18.0
1504064413963	geckodriver	INFO	Listening on 127.0.0.1:64229
1504064415999	geckodriver::marionette	INFO	Starting browser C:\Program Files (x86)\Mozilla Firefox\firefox.exe with args ["-marionette"]
1504064417347	addons.xpi	WARN	Error parsing extensions state: [Exception... "Component returned failure code: 0x80520012 (NS_ERROR_FILE_NOT_FOUND) [amIAddonManagerStartup.readStartupData]"  nsresult: "0x80520012 (NS_ERROR_FILE_NOT_FOUND)"  location: "JS frame :: resource://gre/modules/addons/XPIProvider.jsm :: loadExtensionState :: line 1596"  data: no] Stack trace: loadExtensionState()@resource://gre/modules/addons/XPIProvider.jsm:1596 < getInstallState()@resource://gre/modules/addons/XPIProvider.jsm:1631 < checkForChanges()@resource://gre/modules/addons/XPIProvider.jsm:3152 < startup()@resource://gre/modules/addons/XPIProvider.jsm:2246 < callProvider()@resource://gre/modules/AddonManager.jsm:271 < _startProvider()@resource://gre/modules/AddonManager.jsm:741 < startup()@resource://gre/modules/AddonManager.jsm:908 < startup()@resource://gre/modules/AddonManager.jsm:3122 < observe()@jar:file:///C:/Program%20Files%20(x86)/Mozilla%20Firefox/omni.ja!/components/addonManager.js:65
1504064417892	Marionette	INFO	Enabled via --marionette
Unable to read VR Path Registry from C:\Users\rongrong\AppData\Local\openvr\openvrpaths.vrpath
[GPU 10068] WARNING: pipe error: 109: file c:/builds/moz2_slave/m-rel-w64-00000000000000000000/build/src/ipc/chromium/src/chrome/common/ipc_channel_win.cc, line 346
Unable to read VR Path Registry from C:\Users\rongrong\AppData\Local\openvr\openvrpaths.vrpath
[Child 11316] WARNING: pipe error: 109: file c:/builds/moz2_slave/m-rel-w64-00000000000000000000/build/src/ipc/chromium/src/chrome/common/ipc_channel_win.cc, line 346
[Child 11316] WARNING: pipe error: 109: file c:/builds/moz2_slave/m-rel-w64-00000000000000000000/build/src/ipc/chromium/src/chrome/common/ipc_channel_win.cc, line 346
1504064420643	Marionette	INFO	Listening on port 64236
1504064420738	Marionette	INFO	Listening on port 64236
1504064421496	Marionette	WARN	TLS certificate errors will be ignored for this session
1504064421536	Marionette	DEBUG	loaded listener.js
1504064421771	Marionette	DEBUG	Received DOM event "beforeunload" for "about:blank"
1504064422021	Marionette	DEBUG	Received DOM event "pagehide" for "about:blank"
1504064422022	Marionette	DEBUG	Received DOM event "unload" for "about:blank"
1504064422945	Marionette	DEBUG	Received observer notification "outer-window-destroyed" for "4294967301"
1504064422947	Marionette	DEBUG	Received DOM event "DOMContentLoaded" for "http://dev.llvision.com:25008/"
1504064423025	Marionette	DEBUG	Received DOM event "pageshow" for "http://dev.llvision.com:25008/modules/per/home.html"
1504064423029	Marionette	DEBUG	Received DOM event "pageshow" for "http://dev.llvision.com:25008/"
Unable to read VR Path Registry from C:\Users\rongrong\AppData\Local\openvr\openvrpaths.vrpath
JavaScript error: http://dev.llvision.com:25008/js/common.js, line 41: TypeError: xhr.responseJSON is undefined
JavaScript error: http://dev.llvision.com:25008/js/common.js, line 41: TypeError: xhr.responseJSON is undefined
1504064431418	Marionette	DEBUG	Received DOM event "beforeunload" for "http://dev.llvision.com:25008/login.html"
1504064431479	Marionette	DEBUG	Received DOM event "pagehide" for "http://dev.llvision.com:25008/login.html"
1504064431481	Marionette	DEBUG	Received DOM event "unload" for "http://dev.llvision.com:25008/login.html"
1504064431743	Marionette	DEBUG	Received observer notification "outer-window-destroyed" for "4294967307"
1504064431746	Marionette	DEBUG	Received DOM event "DOMContentLoaded" for "http://dev.llvision.com:25008/index.html"
1504064431899	Marionette	DEBUG	Received DOM event "DOMContentLoaded" for "http://dev.llvision.com:25008/modules/per/home.html"
1504064431930	Marionette	DEBUG	Received DOM event "pageshow" for "http://dev.llvision.com:25008/modules/per/home.html"
JavaScript error: http://dev.llvision.com:25008/js/common.js, line 41: TypeError: xhr.responseJSON is undefined
1504064431949	Marionette	DEBUG	Received DOM event "pageshow" for "http://dev.llvision.com:25008/index.html"
JavaScript error: http://dev.llvision.com:25008/js/common.js, line 41: TypeError: xhr.responseJSON is undefined
JavaScript error: http://dev.llvision.com:25008/js/common.js, line 41: TypeError: xhr.responseJSON is undefined
JavaScript error: http://dev.llvision.com:25008/js/common.js, line 41: TypeError: xhr.responseJSON is undefined
1504064434970	Marionette	INFO	New connections will no longer be accepted
1504064489654	geckodriver	INFO	geckodriver 0.18.0
1504064489665	geckodriver	INFO	Listening on 127.0.0.1:64296
1504064491707	geckodriver::marionette	INFO	Starting browser C:\Program Files (x86)\Mozilla Firefox\firefox.exe with args ["-marionette"]
1504064492869	addons.xpi	WARN	Error parsing extensions state: [Exception... "Component returned failure code: 0x80520012 (NS_ERROR_FILE_NOT_FOUND) [amIAddonManagerStartup.readStartupData]"  nsresult: "0x80520012 (NS_ERROR_FILE_NOT_FOUND)"  location: "JS frame :: resource://gre/modules/addons/XPIProvider.jsm :: loadExtensionState :: line 1596"  data: no] Stack trace: loadExtensionState()@resource://gre/modules/addons/XPIProvider.jsm:1596 < getInstallState()@resource://gre/modules/addons/XPIProvider.jsm:1631 < checkForChanges()@resource://gre/modules/addons/XPIProvider.jsm:3152 < startup()@resource://gre/modules/addons/XPIProvider.jsm:2246 < callProvider()@resource://gre/modules/AddonManager.jsm:271 < _startProvider()@resource://gre/modules/AddonManager.jsm:741 < startup()@resource://gre/modules/AddonManager.jsm:908 < startup()@resource://gre/modules/AddonManager.jsm:3122 < observe()@jar:file:///C:/Program%20Files%20(x86)/Mozilla%20Firefox/omni.ja!/components/addonManager.js:65
1504064493380	Marionette	INFO	Enabled via --marionette
Unable to read VR Path Registry from C:\Users\rongrong\AppData\Local\openvr\openvrpaths.vrpath
[GPU 10200] WARNING: pipe error: 109: file c:/builds/moz2_slave/m-rel-w64-00000000000000000000/build/src/ipc/chromium/src/chrome/common/ipc_channel_win.cc, line 346
1504064495999	Marionette	INFO	Listening on port 64302
1504064496011	Marionette	INFO	Listening on port 64302
1504064497161	Marionette	WARN	TLS certificate errors will be ignored for this session
1504064497242	Marionette	DEBUG	loaded listener.js
1504064497409	Marionette	DEBUG	Received DOM event "beforeunload" for "about:blank"
1504064497460	Marionette	DEBUG	Received DOM event "pagehide" for "about:blank"
1504064497461	Marionette	DEBUG	Received DOM event "unload" for "about:blank"
1504064498341	Marionette	DEBUG	Received observer notification "outer-window-destroyed" for "2147483656"
1504064498347	Marionette	DEBUG	Received DOM event "DOMContentLoaded" for "http://dev.llvision.com:25008/"
1504064498429	Marionette	DEBUG	Received DOM event "pageshow" for "http://dev.llvision.com:25008/modules/per/home.html"
1504064498432	Marionette	DEBUG	Received DOM event "pageshow" for "http://dev.llvision.com:25008/"
Unable to read VR Path Registry from C:\Users\rongrong\AppData\Local\openvr\openvrpaths.vrpath
JavaScript error: http://dev.llvision.com:25008/js/common.js, line 41: TypeError: xhr.responseJSON is undefined
1504064506878	Marionette	DEBUG	Canceled page load listener because no navigation has been detected
1504064509890	Marionette	INFO	New connections will no longer be accepted
1504064584007	geckodriver	INFO	geckodriver 0.18.0
1504064584018	geckodriver	INFO	Listening on 127.0.0.1:64368
1504064586028	geckodriver::marionette	INFO	Starting browser C:\Program Files (x86)\Mozilla Firefox\firefox.exe with args ["-marionette"]
1504064587441	addons.xpi	WARN	Error parsing extensions state: [Exception... "Component returned failure code: 0x80520012 (NS_ERROR_FILE_NOT_FOUND) [amIAddonManagerStartup.readStartupData]"  nsresult: "0x80520012 (NS_ERROR_FILE_NOT_FOUND)"  location: "JS frame :: resource://gre/modules/addons/XPIProvider.jsm :: loadExtensionState :: line 1596"  data: no] Stack trace: loadExtensionState()@resource://gre/modules/addons/XPIProvider.jsm:1596 < getInstallState()@resource://gre/modules/addons/XPIProvider.jsm:1631 < checkForChanges()@resource://gre/modules/addons/XPIProvider.jsm:3152 < startup()@resource://gre/modules/addons/XPIProvider.jsm:2246 < callProvider()@resource://gre/modules/AddonManager.jsm:271 < _startProvider()@resource://gre/modules/AddonManager.jsm:741 < startup()@resource://gre/modules/AddonManager.jsm:908 < startup()@resource://gre/modules/AddonManager.jsm:3122 < observe()@jar:file:///C:/Program%20Files%20(x86)/Mozilla%20Firefox/omni.ja!/components/addonManager.js:65
1504064588050	Marionette	INFO	Enabled via --marionette
Unable to read VR Path Registry from C:\Users\rongrong\AppData\Local\openvr\openvrpaths.vrpath
[GPU 13036] WARNING: pipe error: 109: file c:/builds/moz2_slave/m-rel-w64-00000000000000000000/build/src/ipc/chromium/src/chrome/common/ipc_channel_win.cc, line 346
Unable to read VR Path Registry from C:\Users\rongrong\AppData\Local\openvr\openvrpaths.vrpath
[Child 10824] WARNING: pipe error: 109: file c:/builds/moz2_slave/m-rel-w64-00000000000000000000/build/src/ipc/chromium/src/chrome/common/ipc_channel_win.cc, line 346
[Child 10824] WARNING: pipe error: 109: file c:/builds/moz2_slave/m-rel-w64-00000000000000000000/build/src/ipc/chromium/src/chrome/common/ipc_channel_win.cc, line 346
1504064590719	Marionette	INFO	Listening on port 64374
1504064590737	Marionette	INFO	Listening on port 64374
1504064591382	Marionette	WARN	TLS certificate errors will be ignored for this session
1504064591444	Marionette	DEBUG	loaded listener.js
1504064591597	Marionette	DEBUG	Received DOM event "beforeunload" for "about:blank"
1504064591737	Marionette	DEBUG	Received DOM event "pagehide" for "about:blank"
1504064591737	Marionette	DEBUG	Received DOM event "unload" for "about:blank"
1504064592692	Marionette	DEBUG	Received observer notification "outer-window-destroyed" for "4294967301"
1504064592695	Marionette	DEBUG	Received DOM event "DOMContentLoaded" for "http://dev.llvision.com:25008/"
1504064592760	Marionette	DEBUG	Received DOM event "pageshow" for "http://dev.llvision.com:25008/modules/per/home.html"
1504064592764	Marionette	DEBUG	Received DOM event "pageshow" for "http://dev.llvision.com:25008/"
Unable to read VR Path Registry from C:\Users\rongrong\AppData\Local\openvr\openvrpaths.vrpath
JavaScript error: http://dev.llvision.com:25008/js/common.js, line 41: TypeError: xhr.responseJSON is undefined
1504064601248	Marionette	DEBUG	Canceled page load listener because no navigation has been detected
1504064604260	Marionette	INFO	New connections will no longer be accepted
1504064701732	geckodriver	INFO	geckodriver 0.18.0
1504064701742	geckodriver	INFO	Listening on 127.0.0.1:64438
1504064702963	geckodriver::marionette	INFO	Starting browser C:\Program Files (x86)\Mozilla Firefox\firefox.exe with args ["-marionette"]
1504064703315	addons.xpi	WARN	Error parsing extensions state: [Exception... "Component returned failure code: 0x80520012 (NS_ERROR_FILE_NOT_FOUND) [amIAddonManagerStartup.readStartupData]"  nsresult: "0x80520012 (NS_ERROR_FILE_NOT_FOUND)"  location: "JS frame :: resource://gre/modules/addons/XPIProvider.jsm :: loadExtensionState :: line 1596"  data: no] Stack trace: loadExtensionState()@resource://gre/modules/addons/XPIProvider.jsm:1596 < getInstallState()@resource://gre/modules/addons/XPIProvider.jsm:1631 < checkForChanges()@resource://gre/modules/addons/XPIProvider.jsm:3152 < startup()@resource://gre/modules/addons/XPIProvider.jsm:2246 < callProvider()@resource://gre/modules/AddonManager.jsm:271 < _startProvider()@resource://gre/modules/AddonManager.jsm:741 < startup()@resource://gre/modules/AddonManager.jsm:908 < startup()@resource://gre/modules/AddonManager.jsm:3122 < observe()@jar:file:///C:/Program%20Files%20(x86)/Mozilla%20Firefox/omni.ja!/components/addonManager.js:65
1504064703829	Marionette	INFO	Enabled via --marionette
Unable to read VR Path Registry from C:\Users\rongrong\AppData\Local\openvr\openvrpaths.vrpath
[GPU 6764] WARNING: pipe error: 109: file c:/builds/moz2_slave/m-rel-w64-00000000000000000000/build/src/ipc/chromium/src/chrome/common/ipc_channel_win.cc, line 346
1504064706459	Marionette	INFO	Listening on port 64444
1504064706489	Marionette	INFO	Listening on port 64444
1504064706724	Marionette	WARN	TLS certificate errors will be ignored for this session
1504064706793	Marionette	DEBUG	loaded listener.js
1504064706924	Marionette	DEBUG	Received DOM event "beforeunload" for "about:blank"
1504064707046	Marionette	DEBUG	Received DOM event "pagehide" for "about:blank"
1504064707046	Marionette	DEBUG	Received DOM event "unload" for "about:blank"
1504064708083	Marionette	DEBUG	Received observer notification "outer-window-destroyed" for "2147483656"
1504064708093	Marionette	DEBUG	Received DOM event "DOMContentLoaded" for "http://dev.llvision.com:25008/"
1504064708246	Marionette	DEBUG	Received DOM event "pageshow" for "http://dev.llvision.com:25008/modules/per/home.html"
1504064708249	Marionette	DEBUG	Received DOM event "pageshow" for "http://dev.llvision.com:25008/"
Unable to read VR Path Registry from C:\Users\rongrong\AppData\Local\openvr\openvrpaths.vrpath
JavaScript error: http://dev.llvision.com:25008/js/common.js, line 41: TypeError: xhr.responseJSON is undefined
JavaScript error: http://dev.llvision.com:25008/js/common.js, line 41: TypeError: xhr.responseJSON is undefined
1504064716825	Marionette	DEBUG	Canceled page load listener because no navigation has been detected
1504064719861	Marionette	INFO	New connections will no longer be accepted
